-------------------------------------------------------------------------------
      name:  <unnamed>
       log:  /workspace/logs/table1_descriptives.log
  log type:  text
 opened on:  15 May 2023, 11:25:51

. 
. cap mkdir ./output/tables

. 
. * Create  baseline tables for 3 years
. forvalues i=2019/2021 {
  2.   * Import csv file
.     import delimited ./output/input_static_`i'-01-01.csv, clear
  3.     *update variable with missing so that 0 is shown as unknown (just for 
> this table)
.     *(1) IMD
.     replace imd=6 if imd==0
  4. 
.     * Create age categories
.     egen age_cat = cut(age), at(18, 40, 60, 80, 120) icodes
  5.     label define age 0 "18 - 40 years" 1 "41 - 60 years" 2 "61 - 80 years"
>  3 ">80 years"
  6.     label values age_cat age
  7.     bys age_cat: sum age
  8. 
.     *generate a binary rural urban (with missing assigned to urban)
.     generate urban_rural_bin=.
  9.     replace urban_rural_bin=1 if urban_rural<=4|urban_rural==.
 10.     replace urban_rural_bin=0 if urban_rural>4 & urban_rural!=.
 11.     label define urban_rural_bin 0 "Rural" 1 "Urban"
 12.     label values urban_rural_bin urban_rural_bin
 13.     safetab urban_rural_bin urban_rural, miss
 14.     label var urban_rural_bin "Rural-Urban"
 15.     
.     preserve
 16.     * Create baseline table
.     table1_mc, vars(age_cat cat \ sex cat \ imd cat \ urban_rural_bin cat  \ 
>  ///
>     has_t1_diabetes cat  \ has_t2_diabetes cat \ has_asthma cat \ has_copd ca
> t ) clear
 17.     export delimited using ./output/tables/baseline_table_`i'.csv
 18.     * Rounding numbers in table to nearest 5
.     destring _columna_1, gen(n) force
 19.     destring _columnb_1, gen(percent) ignore("-" "%" "(" ")")  force
 20.     gen rounded_n = round(n, 5)
 21.     keep factor level rounded_n percent
 22.     export delimited using ./output/tables/baseline_table_`i'_rounded.csv
 23.     restore
 24.     preserve
 25.     * table by migration status
.     table1_mc, vars(age_cat cat \ sex cat \ imd cat \ urban_rural_bin cat  \ 
>  ///
>     has_t1_diabetes cat  \ has_t2_diabetes cat \ has_asthma cat \ has_copd ca
> t ) by(migration_status) clear
 26.     export delimited using ./output/tables/baseline_table_migration_`i'.cs
> v
 27.     destring _columna_1, gen(n1) force
 28.     destring _columna_0, gen(n0) force
 29.     destring _columnb_1, gen(percent1) ignore("-" "%" "(" ")")  force
 30.     destring _columnb_0, gen(percent0) ignore("-" "%" "(" ")")  force
 31.     gen rounded_n1 = round(n1, 5)
 32.     gen rounded_n0 = round(n0, 5)
 33.     keep factor level rounded_n0 percent0 rounded_n1 percent1
 34.     export delimited using ./output/tables/baseline_table_migration_`i'_ro
> unded.csv
 35.     restore
 36.     
.     gen imd_1 = (imd==1)
 37.     gen imd_2 = (imd==2)
 38.     gen imd_3 = (imd==3)
 39.     gen imd_4 = (imd==4)
 40.     gen imd_5 = (imd==5)
 41. 
.     tempfile tempfile
 42.     preserve
 43.     keep if imd==1
 44.     table1_mc, vars(age_cat cat \ sex cat \ imd cat \ urban_rural_bin cat 
>  \  ///
>     has_t1_diabetes cat  \ has_t2_diabetes cat \ has_asthma cat \ has_copd ca
> t) clear
 45.     save `tempfile', replace
 46.     restore
 47.     forvalues j=2/5 {
 48.       preserve
 49.       keep if imd==`j'
 50.       table1_mc, vars(age_cat cat \ sex cat \ imd cat \ urban_rural_bin ca
> t  \  ///
>       has_t1_diabetes cat  \ has_t2_diabetes cat \ has_asthma cat \ has_copd 
> cat) clear
 51.       append using `tempfile'
 52.       save `tempfile', replace
 53.       restore
 54.       }
 55.     use `tempfile', clear
 56.     export delimited using ./output/tables/baseline_table_imd`i'.csv
 57.     destring _columna_1, gen(n) force
 58.     destring _columnb_1, gen(percent) ignore("-" "%" "(" ")") force
 59.     gen rounded_n = round(n, 5)
 60.     keep factor level rounded_n percent
 61.     export delimited using ./output/tables/baseline_table_imd`i'_rounded.c
> sv
 62.     }
(12 vars, 1,000 obs)
(60 real changes made)
(220 missing values generated)

-------------------------------------------------------------------------------
-> age_cat = 18 - 40 years

    Variable |        Obs        Mean    Std. Dev.       Min        Max
-------------+---------------------------------------------------------
         age |        274    28.69343    6.188211         18         39

-------------------------------------------------------------------------------
-> age_cat = 41 - 60 years

    Variable |        Obs        Mean    Std. Dev.       Min        Max
-------------+---------------------------------------------------------
         age |        260    49.98462    5.856699         40         59

-------------------------------------------------------------------------------
-> age_cat = 61 - 80 years

    Variable |        Obs        Mean    Std. Dev.       Min        Max
-------------+---------------------------------------------------------
         age |        184    68.66304    5.987742         60         79

-------------------------------------------------------------------------------
-> age_cat = >80 years

    Variable |        Obs        Mean    Std. Dev.       Min        Max
-------------+---------------------------------------------------------
         age |         62    85.56452    4.430228         80        100

-------------------------------------------------------------------------------
-> age_cat = .

    Variable |        Obs        Mean    Std. Dev.       Min        Max
-------------+---------------------------------------------------------
         age |        220    8.036364    5.256746          0         17

(1,000 missing values generated)
(390 real changes made)
(610 real changes made)
28

urban_rura |                      urban_rural
     l_bin |         1          2          3          4          5 |     Total
-----------+-------------------------------------------------------+----------
     Rural |         0          0          0          0        106 |       610 
     Urban |       100         95         86        109          0 |       390 
-----------+-------------------------------------------------------+----------
     Total |       100         95         86        109        106 |     1,000 


urban_rura |           urban_rural
     l_bin |         6          7          8 |     Total
-----------+---------------------------------+----------
     Rural |        98        223        183 |       610 
     Urban |         0          0          0 |       390 
-----------+---------------------------------+----------
     Total |        98        223        183 |     1,000 

  +-------------------------------+
  | factor              N_1   m_1 |
  |-------------------------------|
  | age_cat             780   220 |
  |-------------------------------|
  | sex               1,000     0 |
  |-------------------------------|
  | imd               1,000     0 |
  |-------------------------------|
  | Rural-Urban       1,000     0 |
  |-------------------------------|
  | has_t1_diabetes   1,000     0 |
  |-------------------------------|
  | has_t2_diabetes   1,000     0 |
  |-------------------------------|
  | has_asthma        1,000     0 |
  |-------------------------------|
  | has_copd          1,000     0 |
  +-------------------------------+
   N_ ... #records used below,   m_ ... #records not used
 
  +-----------------------------------------------+
  |                                   Total       |
  |-----------------------------------------------|
  |                                   N=1,000     |
  |-----------------------------------------------|
  | age_cat           18 - 40 years   274 (35.1%) |
  |                   41 - 60 years   260 (33.3%) |
  |                   61 - 80 years   184 (23.6%) |
  |                   >80 years       62 ( 7.9%)  |
  |-----------------------------------------------|
  | sex               F               498 (49.8%) |
  |                   M               491 (49.1%) |
  |                   U               11 ( 1.1%)  |
  |-----------------------------------------------|
  | imd               1               196 (19.6%) |
  |                   2               190 (19.0%) |
  |                   3               177 (17.7%) |
  |                   4               173 (17.3%) |
  |                   5               204 (20.4%) |
  |                   6               60 ( 6.0%)  |
  |-----------------------------------------------|
  | Rural-Urban       Rural           610 (61.0%) |
  |                   Urban           390 (39.0%) |
  |-----------------------------------------------|
  | has_t1_diabetes   0               800 (80.0%) |
  |                   1               200 (20.0%) |
  |-----------------------------------------------|
  | has_t2_diabetes   0               199 (19.9%) |
  |                   1               801 (80.1%) |
  |-----------------------------------------------|
  | has_asthma        0               800 (80.0%) |
  |                   1               200 (20.0%) |
  |-----------------------------------------------|
  | has_copd          0               950 (95.0%) |
  |                   1               50 ( 5.0%)  |
  +-----------------------------------------------+
Data are presented as n (%).
 
file ./output/tables/baseline_table_2019.csv saved
_columna_1: contains nonnumeric characters; n generated as int
(2 missing values generated)
_columnb_1: contains nonnumeric characters not specified in ignore()
_columnb_1: characters space % ( ) removed; percent generated as double
(2 missing values generated)
(2 missing values generated)
file ./output/tables/baseline_table_2019_rounded.csv saved

  +-----------------------------------------+
  | factor            N_0   N_1   m_0   m_1 |
  |-----------------------------------------|
  | age_cat           626   154   174    46 |
  |-----------------------------------------|
  | sex               800   200     0     0 |
  |-----------------------------------------|
  | imd               800   200     0     0 |
  |-----------------------------------------|
  | Rural-Urban       800   200     0     0 |
  |-----------------------------------------|
  | has_t1_diabetes   800   200     0     0 |
  |-----------------------------------------|
  | has_t2_diabetes   800   200     0     0 |
  |-----------------------------------------|
  | has_asthma        800   200     0     0 |
  |-----------------------------------------|
  | has_copd          800   200     0     0 |
  +-----------------------------------------+
   N_ ... #records used below,   m_ ... #records not used
 
  +----------------------------------------------------------------------------
> -------------+
  |                                   migration_status = 0   migration_status =
>  1   p-value |
  |----------------------------------------------------------------------------
> -------------|
  |                                   N=800                  N=200             
>              |
  |----------------------------------------------------------------------------
> -------------|
  | age_cat           18 - 40 years   223 (35.6%)            51 (33.1%)        
>       0.82   |
  |                   41 - 60 years   204 (32.6%)            56 (36.4%)        
>              |
  |                   61 - 80 years   148 (23.6%)            36 (23.4%)        
>              |
  |                   >80 years       51 ( 8.1%)             11 ( 7.1%)        
>              |
  |----------------------------------------------------------------------------
> -------------|
  | sex               F               393 (49.1%)            105 (52.5%)       
>       0.54   |
  |                   M               399 (49.9%)            92 (46.0%)        
>              |
  |                   U               8 ( 1.0%)              3 ( 1.5%)         
>              |
  |----------------------------------------------------------------------------
> -------------|
  | imd               1               163 (20.4%)            33 (16.5%)        
>       0.87   |
  |                   2               150 (18.8%)            40 (20.0%)        
>              |
  |                   3               141 (17.6%)            36 (18.0%)        
>              |
  |                   4               137 (17.1%)            36 (18.0%)        
>              |
  |                   5               160 (20.0%)            44 (22.0%)        
>              |
  |                   6               49 ( 6.1%)             11 ( 5.5%)        
>              |
  |----------------------------------------------------------------------------
> -------------|
  | Rural-Urban       Rural           484 (60.5%)            126 (63.0%)       
>       0.52   |
  |                   Urban           316 (39.5%)            74 (37.0%)        
>              |
  |----------------------------------------------------------------------------
> -------------|
  | has_t1_diabetes   0               640 (80.0%)            160 (80.0%)       
>       1.00   |
  |                   1               160 (20.0%)            40 (20.0%)        
>              |
  |----------------------------------------------------------------------------
> -------------|
  | has_t2_diabetes   0               160 (20.0%)            39 (19.5%)        
>       0.87   |
  |                   1               640 (80.0%)            161 (80.5%)       
>              |
  |----------------------------------------------------------------------------
> -------------|
  | has_asthma        0               635 (79.4%)            165 (82.5%)       
>       0.32   |
  |                   1               165 (20.6%)            35 (17.5%)        
>              |
  |----------------------------------------------------------------------------
> -------------|
  | has_copd          0               753 (94.1%)            197 (98.5%)       
>       0.011  |
  |                   1               47 ( 5.9%)             3 ( 1.5%)         
>              |
  +----------------------------------------------------------------------------
> -------------+
Data are presented as n (%).
 
file ./output/tables/baseline_table_migration_2019.csv saved
_columna_1: contains nonnumeric characters; n1 generated as int
(2 missing values generated)
_columna_0: contains nonnumeric characters; n0 generated as int
(2 missing values generated)
_columnb_1: contains nonnumeric characters not specified in ignore()
_columnb_1: characters space % ( ) removed; percent1 generated as double
(2 missing values generated)
_columnb_0: contains nonnumeric characters not specified in ignore()
_columnb_0: characters space % ( ) removed; percent0 generated as double
(2 missing values generated)
(2 missing values generated)
(2 missing values generated)
file ./output/tables/baseline_table_migration_2019_rounded.csv saved
(804 observations deleted)

  +-----------------------------+
  | factor            N_1   m_1 |
  |-----------------------------|
  | age_cat           152    44 |
  |-----------------------------|
  | sex               196     0 |
  |-----------------------------|
  | imd               196     0 |
  |-----------------------------|
  | Rural-Urban       196     0 |
  |-----------------------------|
  | has_t1_diabetes   196     0 |
  |-----------------------------|
  | has_t2_diabetes   196     0 |
  |-----------------------------|
  | has_asthma        196     0 |
  |-----------------------------|
  | has_copd          196     0 |
  +-----------------------------+
   N_ ... #records used below,   m_ ... #records not used
 
  +------------------------------------------------+
  |                                   Total        |
  |------------------------------------------------|
  |                                   N=196        |
  |------------------------------------------------|
  | age_cat           18 - 40 years   47 (30.9%)   |
  |                   41 - 60 years   53 (34.9%)   |
  |                   61 - 80 years   38 (25.0%)   |
  |                   >80 years       14 ( 9.2%)   |
  |------------------------------------------------|
  | sex               F               102 (52.0%)  |
  |                   M               92 (46.9%)   |
  |                   U               2 ( 1.0%)    |
  |------------------------------------------------|
  | imd               1               196 (100.0%) |
  |------------------------------------------------|
  | Rural-Urban       Rural           118 (60.2%)  |
  |                   Urban           78 (39.8%)   |
  |------------------------------------------------|
  | has_t1_diabetes   0               158 (80.6%)  |
  |                   1               38 (19.4%)   |
  |------------------------------------------------|
  | has_t2_diabetes   0               34 (17.3%)   |
  |                   1               162 (82.7%)  |
  |------------------------------------------------|
  | has_asthma        0               158 (80.6%)  |
  |                   1               38 (19.4%)   |
  |------------------------------------------------|
  | has_copd          0               194 (99.0%)  |
  |                   1               2 ( 1.0%)    |
  +------------------------------------------------+
Data are presented as n (%).
 
(note: file /tmp/St00015.000003 not found)
file /tmp/St00015.000003 saved
(810 observations deleted)

  +-----------------------------+
  | factor            N_1   m_1 |
  |-----------------------------|
  | age_cat           144    46 |
  |-----------------------------|
  | sex               190     0 |
  |-----------------------------|
  | imd               190     0 |
  |-----------------------------|
  | Rural-Urban       190     0 |
  |-----------------------------|
  | has_t1_diabetes   190     0 |
  |-----------------------------|
  | has_t2_diabetes   190     0 |
  |-----------------------------|
  | has_asthma        190     0 |
  |-----------------------------|
  | has_copd          190     0 |
  +-----------------------------+
   N_ ... #records used below,   m_ ... #records not used
 
  +------------------------------------------------+
  |                                   Total        |
  |------------------------------------------------|
  |                                   N=190        |
  |------------------------------------------------|
  | age_cat           18 - 40 years   48 (33.3%)   |
  |                   41 - 60 years   47 (32.6%)   |
  |                   61 - 80 years   38 (26.4%)   |
  |                   >80 years       11 ( 7.6%)   |
  |------------------------------------------------|
  | sex               F               106 (55.8%)  |
  |                   M               82 (43.2%)   |
  |                   U               2 ( 1.1%)    |
  |------------------------------------------------|
  | imd               2               190 (100.0%) |
  |------------------------------------------------|
  | Rural-Urban       Rural           111 (58.4%)  |
  |                   Urban           79 (41.6%)   |
  |------------------------------------------------|
  | has_t1_diabetes   0               151 (79.5%)  |
  |                   1               39 (20.5%)   |
  |------------------------------------------------|
  | has_t2_diabetes   0               39 (20.5%)   |
  |                   1               151 (79.5%)  |
  |------------------------------------------------|
  | has_asthma        0               153 (80.5%)  |
  |                   1               37 (19.5%)   |
  |------------------------------------------------|
  | has_copd          0               176 (92.6%)  |
  |                   1               14 ( 7.4%)   |
  +------------------------------------------------+
Data are presented as n (%).
 
file /tmp/St00015.000003 saved
(823 observations deleted)

  +-----------------------------+
  | factor            N_1   m_1 |
  |-----------------------------|
  | age_cat           142    35 |
  |-----------------------------|
  | sex               177     0 |
  |-----------------------------|
  | imd               177     0 |
  |-----------------------------|
  | Rural-Urban       177     0 |
  |-----------------------------|
  | has_t1_diabetes   177     0 |
  |-----------------------------|
  | has_t2_diabetes   177     0 |
  |-----------------------------|
  | has_asthma        177     0 |
  |-----------------------------|
  | has_copd          177     0 |
  +-----------------------------+
   N_ ... #records used below,   m_ ... #records not used
 
  +------------------------------------------------+
  |                                   Total        |
  |------------------------------------------------|
  |                                   N=177        |
  |------------------------------------------------|
  | age_cat           18 - 40 years   58 (40.8%)   |
  |                   41 - 60 years   38 (26.8%)   |
  |                   61 - 80 years   34 (23.9%)   |
  |                   >80 years       12 ( 8.5%)   |
  |------------------------------------------------|
  | sex               F               75 (42.4%)   |
  |                   M               102 (57.6%)  |
  |------------------------------------------------|
  | imd               3               177 (100.0%) |
  |------------------------------------------------|
  | Rural-Urban       Rural           109 (61.6%)  |
  |                   Urban           68 (38.4%)   |
  |------------------------------------------------|
  | has_t1_diabetes   0               136 (76.8%)  |
  |                   1               41 (23.2%)   |
  |------------------------------------------------|
  | has_t2_diabetes   0               33 (18.6%)   |
  |                   1               144 (81.4%)  |
  |------------------------------------------------|
  | has_asthma        0               134 (75.7%)  |
  |                   1               43 (24.3%)   |
  |------------------------------------------------|
  | has_copd          0               166 (93.8%)  |
  |                   1               11 ( 6.2%)   |
  +------------------------------------------------+
Data are presented as n (%).
 
file /tmp/St00015.000003 saved
(827 observations deleted)

  +-----------------------------+
  | factor            N_1   m_1 |
  |-----------------------------|
  | age_cat           124    49 |
  |-----------------------------|
  | sex               173     0 |
  |-----------------------------|
  | imd               173     0 |
  |-----------------------------|
  | Rural-Urban       173     0 |
  |-----------------------------|
  | has_t1_diabetes   173     0 |
  |-----------------------------|
  | has_t2_diabetes   173     0 |
  |-----------------------------|
  | has_asthma        173     0 |
  |-----------------------------|
  | has_copd          173     0 |
  +-----------------------------+
   N_ ... #records used below,   m_ ... #records not used
 
  +------------------------------------------------+
  |                                   Total        |
  |------------------------------------------------|
  |                                   N=173        |
  |------------------------------------------------|
  | age_cat           18 - 40 years   43 (34.7%)   |
  |                   41 - 60 years   42 (33.9%)   |
  |                   61 - 80 years   31 (25.0%)   |
  |                   >80 years       8 ( 6.5%)    |
  |------------------------------------------------|
  | sex               F               79 (45.7%)   |
  |                   M               89 (51.4%)   |
  |                   U               5 ( 2.9%)    |
  |------------------------------------------------|
  | imd               4               173 (100.0%) |
  |------------------------------------------------|
  | Rural-Urban       Rural           107 (61.8%)  |
  |                   Urban           66 (38.2%)   |
  |------------------------------------------------|
  | has_t1_diabetes   0               145 (83.8%)  |
  |                   1               28 (16.2%)   |
  |------------------------------------------------|
  | has_t2_diabetes   0               37 (21.4%)   |
  |                   1               136 (78.6%)  |
  |------------------------------------------------|
  | has_asthma        0               135 (78.0%)  |
  |                   1               38 (22.0%)   |
  |------------------------------------------------|
  | has_copd          0               164 (94.8%)  |
  |                   1               9 ( 5.2%)    |
  +------------------------------------------------+
Data are presented as n (%).
 
file /tmp/St00015.000003 saved
(796 observations deleted)

  +-----------------------------+
  | factor            N_1   m_1 |
  |-----------------------------|
  | age_cat           170    34 |
  |-----------------------------|
  | sex               204     0 |
  |-----------------------------|
  | imd               204     0 |
  |-----------------------------|
  | Rural-Urban       204     0 |
  |-----------------------------|
  | has_t1_diabetes   204     0 |
  |-----------------------------|
  | has_t2_diabetes   204     0 |
  |-----------------------------|
  | has_asthma        204     0 |
  |-----------------------------|
  | has_copd          204     0 |
  +-----------------------------+
   N_ ... #records used below,   m_ ... #records not used
 
  +------------------------------------------------+
  |                                   Total        |
  |------------------------------------------------|
  |                                   N=204        |
  |------------------------------------------------|
  | age_cat           18 - 40 years   60 (35.3%)   |
  |                   41 - 60 years   63 (37.1%)   |
  |                   61 - 80 years   36 (21.2%)   |
  |                   >80 years       11 ( 6.5%)   |
  |------------------------------------------------|
  | sex               F               105 (51.5%)  |
  |                   M               97 (47.5%)   |
  |                   U               2 ( 1.0%)    |
  |------------------------------------------------|
  | imd               5               204 (100.0%) |
  |------------------------------------------------|
  | Rural-Urban       Rural           129 (63.2%)  |
  |                   Urban           75 (36.8%)   |
  |------------------------------------------------|
  | has_t1_diabetes   0               162 (79.4%)  |
  |                   1               42 (20.6%)   |
  |------------------------------------------------|
  | has_t2_diabetes   0               41 (20.1%)   |
  |                   1               163 (79.9%)  |
  |------------------------------------------------|
  | has_asthma        0               169 (82.8%)  |
  |                   1               35 (17.2%)   |
  |------------------------------------------------|
  | has_copd          0               195 (95.6%)  |
  |                   1               9 ( 4.4%)    |
  +------------------------------------------------+
Data are presented as n (%).
 
file /tmp/St00015.000003 saved
file ./output/tables/baseline_table_imd2019.csv saved
_columna_1: contains nonnumeric characters; n generated as int
(10 missing values generated)
_columnb_1: contains nonnumeric characters not specified in ignore()
_columnb_1: characters space % ( ) removed; percent generated as double
(10 missing values generated)
(10 missing values generated)
file ./output/tables/baseline_table_imd2019_rounded.csv saved
(12 vars, 1,000 obs)
(69 real changes made)
(222 missing values generated)

-------------------------------------------------------------------------------
-> age_cat = 18 - 40 years

    Variable |        Obs        Mean    Std. Dev.       Min        Max
-------------+---------------------------------------------------------
         age |        267    28.37828    6.312297         18         39

-------------------------------------------------------------------------------
-> age_cat = 41 - 60 years

    Variable |        Obs        Mean    Std. Dev.       Min        Max
-------------+---------------------------------------------------------
         age |        274    49.24818    5.712631         40         59

-------------------------------------------------------------------------------
-> age_cat = 61 - 80 years

    Variable |        Obs        Mean    Std. Dev.       Min        Max
-------------+---------------------------------------------------------
         age |        191    67.79581    5.419767         60         79

-------------------------------------------------------------------------------
-> age_cat = >80 years

    Variable |        Obs        Mean    Std. Dev.       Min        Max
-------------+---------------------------------------------------------
         age |         46    85.80435    5.153724         80        101

-------------------------------------------------------------------------------
-> age_cat = .

    Variable |        Obs        Mean    Std. Dev.       Min        Max
-------------+---------------------------------------------------------
         age |        222    9.193694    5.229862          0         17

(1,000 missing values generated)
(383 real changes made)
(617 real changes made)
28

urban_rura |                      urban_rural
     l_bin |         1          2          3          4          5 |     Total
-----------+-------------------------------------------------------+----------
     Rural |         0          0          0          0        108 |       617 
     Urban |        93        100         90        100          0 |       383 
-----------+-------------------------------------------------------+----------
     Total |        93        100         90        100        108 |     1,000 


urban_rura |           urban_rural
     l_bin |         6          7          8 |     Total
-----------+---------------------------------+----------
     Rural |       113        206        190 |       617 
     Urban |         0          0          0 |       383 
-----------+---------------------------------+----------
     Total |       113        206        190 |     1,000 

  +-------------------------------+
  | factor              N_1   m_1 |
  |-------------------------------|
  | age_cat             778   222 |
  |-------------------------------|
  | sex               1,000     0 |
  |-------------------------------|
  | imd               1,000     0 |
  |-------------------------------|
  | Rural-Urban       1,000     0 |
  |-------------------------------|
  | has_t1_diabetes   1,000     0 |
  |-------------------------------|
  | has_t2_diabetes   1,000     0 |
  |-------------------------------|
  | has_asthma        1,000     0 |
  |-------------------------------|
  | has_copd          1,000     0 |
  +-------------------------------+
   N_ ... #records used below,   m_ ... #records not used
 
  +-----------------------------------------------+
  |                                   Total       |
  |-----------------------------------------------|
  |                                   N=1,000     |
  |-----------------------------------------------|
  | age_cat           18 - 40 years   267 (34.3%) |
  |                   41 - 60 years   274 (35.2%) |
  |                   61 - 80 years   191 (24.6%) |
  |                   >80 years       46 ( 5.9%)  |
  |-----------------------------------------------|
  | sex               F               506 (50.6%) |
  |                   M               485 (48.5%) |
  |                   U               9 ( 0.9%)   |
  |-----------------------------------------------|
  | imd               1               183 (18.3%) |
  |                   2               175 (17.5%) |
  |                   3               177 (17.7%) |
  |                   4               173 (17.3%) |
  |                   5               223 (22.3%) |
  |                   6               69 ( 6.9%)  |
  |-----------------------------------------------|
  | Rural-Urban       Rural           617 (61.7%) |
  |                   Urban           383 (38.3%) |
  |-----------------------------------------------|
  | has_t1_diabetes   0               800 (80.0%) |
  |                   1               200 (20.0%) |
  |-----------------------------------------------|
  | has_t2_diabetes   0               199 (19.9%) |
  |                   1               801 (80.1%) |
  |-----------------------------------------------|
  | has_asthma        0               800 (80.0%) |
  |                   1               200 (20.0%) |
  |-----------------------------------------------|
  | has_copd          0               950 (95.0%) |
  |                   1               50 ( 5.0%)  |
  +-----------------------------------------------+
Data are presented as n (%).
 
file ./output/tables/baseline_table_2020.csv saved
_columna_1: contains nonnumeric characters; n generated as int
(2 missing values generated)
_columnb_1: contains nonnumeric characters not specified in ignore()
_columnb_1: characters space % ( ) removed; percent generated as double
(2 missing values generated)
(2 missing values generated)
file ./output/tables/baseline_table_2020_rounded.csv saved

  +-----------------------------------------+
  | factor            N_0   N_1   m_0   m_1 |
  |-----------------------------------------|
  | age_cat           624   154   176    46 |
  |-----------------------------------------|
  | sex               800   200     0     0 |
  |-----------------------------------------|
  | imd               800   200     0     0 |
  |-----------------------------------------|
  | Rural-Urban       800   200     0     0 |
  |-----------------------------------------|
  | has_t1_diabetes   800   200     0     0 |
  |-----------------------------------------|
  | has_t2_diabetes   800   200     0     0 |
  |-----------------------------------------|
  | has_asthma        800   200     0     0 |
  |-----------------------------------------|
  | has_copd          800   200     0     0 |
  +-----------------------------------------+
   N_ ... #records used below,   m_ ... #records not used
 
  +----------------------------------------------------------------------------
> -------------+
  |                                   migration_status = 0   migration_status =
>  1   p-value |
  |----------------------------------------------------------------------------
> -------------|
  |                                   N=800                  N=200             
>              |
  |----------------------------------------------------------------------------
> -------------|
  | age_cat           18 - 40 years   208 (33.3%)            59 (38.3%)        
>       0.64   |
  |                   41 - 60 years   224 (35.9%)            50 (32.5%)        
>              |
  |                   61 - 80 years   156 (25.0%)            35 (22.7%)        
>              |
  |                   >80 years       36 ( 5.8%)             10 ( 6.5%)        
>              |
  |----------------------------------------------------------------------------
> -------------|
  | sex               F               399 (49.9%)            107 (53.5%)       
>       0.24   |
  |                   M               392 (49.0%)            93 (46.5%)        
>              |
  |                   U               9 ( 1.1%)              0 ( 0.0%)         
>              |
  |----------------------------------------------------------------------------
> -------------|
  | imd               1               142 (17.8%)            41 (20.5%)        
>       0.058  |
  |                   2               130 (16.2%)            45 (22.5%)        
>              |
  |                   3               140 (17.5%)            37 (18.5%)        
>              |
  |                   4               146 (18.2%)            27 (13.5%)        
>              |
  |                   5               180 (22.5%)            43 (21.5%)        
>              |
  |                   6               62 ( 7.8%)             7 ( 3.5%)         
>              |
  |----------------------------------------------------------------------------
> -------------|
  | Rural-Urban       Rural           485 (60.6%)            132 (66.0%)       
>       0.16   |
  |                   Urban           315 (39.4%)            68 (34.0%)        
>              |
  |----------------------------------------------------------------------------
> -------------|
  | has_t1_diabetes   0               642 (80.2%)            158 (79.0%)       
>       0.69   |
  |                   1               158 (19.8%)            42 (21.0%)        
>              |
  |----------------------------------------------------------------------------
> -------------|
  | has_t2_diabetes   0               159 (19.9%)            40 (20.0%)        
>       0.97   |
  |                   1               641 (80.1%)            160 (80.0%)       
>              |
  |----------------------------------------------------------------------------
> -------------|
  | has_asthma        0               650 (81.2%)            150 (75.0%)       
>       0.048  |
  |                   1               150 (18.8%)            50 (25.0%)        
>              |
  |----------------------------------------------------------------------------
> -------------|
  | has_copd          0               762 (95.2%)            188 (94.0%)       
>       0.47   |
  |                   1               38 ( 4.8%)             12 ( 6.0%)        
>              |
  +----------------------------------------------------------------------------
> -------------+
Data are presented as n (%).
 
file ./output/tables/baseline_table_migration_2020.csv saved
_columna_1: contains nonnumeric characters; n1 generated as int
(2 missing values generated)
_columna_0: contains nonnumeric characters; n0 generated as int
(2 missing values generated)
_columnb_1: contains nonnumeric characters not specified in ignore()
_columnb_1: characters space % ( ) removed; percent1 generated as double
(2 missing values generated)
_columnb_0: contains nonnumeric characters not specified in ignore()
_columnb_0: characters space % ( ) removed; percent0 generated as double
(2 missing values generated)
(2 missing values generated)
(2 missing values generated)
file ./output/tables/baseline_table_migration_2020_rounded.csv saved
(817 observations deleted)

  +-----------------------------+
  | factor            N_1   m_1 |
  |-----------------------------|
  | age_cat           139    44 |
  |-----------------------------|
  | sex               183     0 |
  |-----------------------------|
  | imd               183     0 |
  |-----------------------------|
  | Rural-Urban       183     0 |
  |-----------------------------|
  | has_t1_diabetes   183     0 |
  |-----------------------------|
  | has_t2_diabetes   183     0 |
  |-----------------------------|
  | has_asthma        183     0 |
  |-----------------------------|
  | has_copd          183     0 |
  +-----------------------------+
   N_ ... #records used below,   m_ ... #records not used
 
  +------------------------------------------------+
  |                                   Total        |
  |------------------------------------------------|
  |                                   N=183        |
  |------------------------------------------------|
  | age_cat           18 - 40 years   45 (32.4%)   |
  |                   41 - 60 years   58 (41.7%)   |
  |                   61 - 80 years   25 (18.0%)   |
  |                   >80 years       11 ( 7.9%)   |
  |------------------------------------------------|
  | sex               F               85 (46.4%)   |
  |                   M               94 (51.4%)   |
  |                   U               4 ( 2.2%)    |
  |------------------------------------------------|
  | imd               1               183 (100.0%) |
  |------------------------------------------------|
  | Rural-Urban       Rural           112 (61.2%)  |
  |                   Urban           71 (38.8%)   |
  |------------------------------------------------|
  | has_t1_diabetes   0               145 (79.2%)  |
  |                   1               38 (20.8%)   |
  |------------------------------------------------|
  | has_t2_diabetes   0               36 (19.7%)   |
  |                   1               147 (80.3%)  |
  |------------------------------------------------|
  | has_asthma        0               152 (83.1%)  |
  |                   1               31 (16.9%)   |
  |------------------------------------------------|
  | has_copd          0               176 (96.2%)  |
  |                   1               7 ( 3.8%)    |
  +------------------------------------------------+
Data are presented as n (%).
 
(note: file /tmp/St00015.00000b not found)
file /tmp/St00015.00000b saved
(825 observations deleted)

  +-----------------------------+
  | factor            N_1   m_1 |
  |-----------------------------|
  | age_cat           132    43 |
  |-----------------------------|
  | sex               175     0 |
  |-----------------------------|
  | imd               175     0 |
  |-----------------------------|
  | Rural-Urban       175     0 |
  |-----------------------------|
  | has_t1_diabetes   175     0 |
  |-----------------------------|
  | has_t2_diabetes   175     0 |
  |-----------------------------|
  | has_asthma        175     0 |
  |-----------------------------|
  | has_copd          175     0 |
  +-----------------------------+
   N_ ... #records used below,   m_ ... #records not used
 
  +------------------------------------------------+
  |                                   Total        |
  |------------------------------------------------|
  |                                   N=175        |
  |------------------------------------------------|
  | age_cat           18 - 40 years   45 (34.1%)   |
  |                   41 - 60 years   41 (31.1%)   |
  |                   61 - 80 years   43 (32.6%)   |
  |                   >80 years       3 ( 2.3%)    |
  |------------------------------------------------|
  | sex               F               95 (54.3%)   |
  |                   M               79 (45.1%)   |
  |                   U               1 ( 0.6%)    |
  |------------------------------------------------|
  | imd               2               175 (100.0%) |
  |------------------------------------------------|
  | Rural-Urban       Rural           98 (56.0%)   |
  |                   Urban           77 (44.0%)   |
  |------------------------------------------------|
  | has_t1_diabetes   0               141 (80.6%)  |
  |                   1               34 (19.4%)   |
  |------------------------------------------------|
  | has_t2_diabetes   0               40 (22.9%)   |
  |                   1               135 (77.1%)  |
  |------------------------------------------------|
  | has_asthma        0               141 (80.6%)  |
  |                   1               34 (19.4%)   |
  |------------------------------------------------|
  | has_copd          0               166 (94.9%)  |
  |                   1               9 ( 5.1%)    |
  +------------------------------------------------+
Data are presented as n (%).
 
file /tmp/St00015.00000b saved
(823 observations deleted)

  +-----------------------------+
  | factor            N_1   m_1 |
  |-----------------------------|
  | age_cat           142    35 |
  |-----------------------------|
  | sex               177     0 |
  |-----------------------------|
  | imd               177     0 |
  |-----------------------------|
  | Rural-Urban       177     0 |
  |-----------------------------|
  | has_t1_diabetes   177     0 |
  |-----------------------------|
  | has_t2_diabetes   177     0 |
  |-----------------------------|
  | has_asthma        177     0 |
  |-----------------------------|
  | has_copd          177     0 |
  +-----------------------------+
   N_ ... #records used below,   m_ ... #records not used
 
  +------------------------------------------------+
  |                                   Total        |
  |------------------------------------------------|
  |                                   N=177        |
  |------------------------------------------------|
  | age_cat           18 - 40 years   50 (35.2%)   |
  |                   41 - 60 years   57 (40.1%)   |
  |                   61 - 80 years   25 (17.6%)   |
  |                   >80 years       10 ( 7.0%)   |
  |------------------------------------------------|
  | sex               F               88 (49.7%)   |
  |                   M               89 (50.3%)   |
  |------------------------------------------------|
  | imd               3               177 (100.0%) |
  |------------------------------------------------|
  | Rural-Urban       Rural           113 (63.8%)  |
  |                   Urban           64 (36.2%)   |
  |------------------------------------------------|
  | has_t1_diabetes   0               137 (77.4%)  |
  |                   1               40 (22.6%)   |
  |------------------------------------------------|
  | has_t2_diabetes   0               34 (19.2%)   |
  |                   1               143 (80.8%)  |
  |------------------------------------------------|
  | has_asthma        0               128 (72.3%)  |
  |                   1               49 (27.7%)   |
  |------------------------------------------------|
  | has_copd          0               171 (96.6%)  |
  |                   1               6 ( 3.4%)    |
  +------------------------------------------------+
Data are presented as n (%).
 
file /tmp/St00015.00000b saved
(827 observations deleted)

  +-----------------------------+
  | factor            N_1   m_1 |
  |-----------------------------|
  | age_cat           136    37 |
  |-----------------------------|
  | sex               173     0 |
  |-----------------------------|
  | imd               173     0 |
  |-----------------------------|
  | Rural-Urban       173     0 |
  |-----------------------------|
  | has_t1_diabetes   173     0 |
  |-----------------------------|
  | has_t2_diabetes   173     0 |
  |-----------------------------|
  | has_asthma        173     0 |
  |-----------------------------|
  | has_copd          173     0 |
  +-----------------------------+
   N_ ... #records used below,   m_ ... #records not used
 
  +------------------------------------------------+
  |                                   Total        |
  |------------------------------------------------|
  |                                   N=173        |
  |------------------------------------------------|
  | age_cat           18 - 40 years   47 (34.6%)   |
  |                   41 - 60 years   48 (35.3%)   |
  |                   61 - 80 years   34 (25.0%)   |
  |                   >80 years       7 ( 5.1%)    |
  |------------------------------------------------|
  | sex               F               93 (53.8%)   |
  |                   M               79 (45.7%)   |
  |                   U               1 ( 0.6%)    |
  |------------------------------------------------|
  | imd               4               173 (100.0%) |
  |------------------------------------------------|
  | Rural-Urban       Rural           114 (65.9%)  |
  |                   Urban           59 (34.1%)   |
  |------------------------------------------------|
  | has_t1_diabetes   0               138 (79.8%)  |
  |                   1               35 (20.2%)   |
  |------------------------------------------------|
  | has_t2_diabetes   0               31 (17.9%)   |
  |                   1               142 (82.1%)  |
  |------------------------------------------------|
  | has_asthma        0               145 (83.8%)  |
  |                   1               28 (16.2%)   |
  |------------------------------------------------|
  | has_copd          0               160 (92.5%)  |
  |                   1               13 ( 7.5%)   |
  +------------------------------------------------+
Data are presented as n (%).
 
file /tmp/St00015.00000b saved
(777 observations deleted)

  +-----------------------------+
  | factor            N_1   m_1 |
  |-----------------------------|
  | age_cat           177    46 |
  |-----------------------------|
  | sex               223     0 |
  |-----------------------------|
  | imd               223     0 |
  |-----------------------------|
  | Rural-Urban       223     0 |
  |-----------------------------|
  | has_t1_diabetes   223     0 |
  |-----------------------------|
  | has_t2_diabetes   223     0 |
  |-----------------------------|
  | has_asthma        223     0 |
  |-----------------------------|
  | has_copd          223     0 |
  +-----------------------------+
   N_ ... #records used below,   m_ ... #records not used
 
  +------------------------------------------------+
  |                                   Total        |
  |------------------------------------------------|
  |                                   N=223        |
  |------------------------------------------------|
  | age_cat           18 - 40 years   64 (36.2%)   |
  |                   41 - 60 years   57 (32.2%)   |
  |                   61 - 80 years   46 (26.0%)   |
  |                   >80 years       10 ( 5.6%)   |
  |------------------------------------------------|
  | sex               F               105 (47.1%)  |
  |                   M               116 (52.0%)  |
  |                   U               2 ( 0.9%)    |
  |------------------------------------------------|
  | imd               5               223 (100.0%) |
  |------------------------------------------------|
  | Rural-Urban       Rural           137 (61.4%)  |
  |                   Urban           86 (38.6%)   |
  |------------------------------------------------|
  | has_t1_diabetes   0               181 (81.2%)  |
  |                   1               42 (18.8%)   |
  |------------------------------------------------|
  | has_t2_diabetes   0               43 (19.3%)   |
  |                   1               180 (80.7%)  |
  |------------------------------------------------|
  | has_asthma        0               176 (78.9%)  |
  |                   1               47 (21.1%)   |
  |------------------------------------------------|
  | has_copd          0               211 (94.6%)  |
  |                   1               12 ( 5.4%)   |
  +------------------------------------------------+
Data are presented as n (%).
 
file /tmp/St00015.00000b saved
file ./output/tables/baseline_table_imd2020.csv saved
_columna_1: contains nonnumeric characters; n generated as int
(10 missing values generated)
_columnb_1: contains nonnumeric characters not specified in ignore()
_columnb_1: characters space % ( ) removed; percent generated as double
(10 missing values generated)
(10 missing values generated)
file ./output/tables/baseline_table_imd2020_rounded.csv saved
(12 vars, 1,000 obs)
(45 real changes made)
(229 missing values generated)

-------------------------------------------------------------------------------
-> age_cat = 18 - 40 years

    Variable |        Obs        Mean    Std. Dev.       Min        Max
-------------+---------------------------------------------------------
         age |        288    29.02778     6.63109         18         39

-------------------------------------------------------------------------------
-> age_cat = 41 - 60 years

    Variable |        Obs        Mean    Std. Dev.       Min        Max
-------------+---------------------------------------------------------
         age |        260    49.76538    5.584275         40         59

-------------------------------------------------------------------------------
-> age_cat = 61 - 80 years

    Variable |        Obs        Mean    Std. Dev.       Min        Max
-------------+---------------------------------------------------------
         age |        174    69.08046    5.649121         60         79

-------------------------------------------------------------------------------
-> age_cat = >80 years

    Variable |        Obs        Mean    Std. Dev.       Min        Max
-------------+---------------------------------------------------------
         age |         49    85.73469    5.187226         80        108

-------------------------------------------------------------------------------
-> age_cat = .

    Variable |        Obs        Mean    Std. Dev.       Min        Max
-------------+---------------------------------------------------------
         age |        229    7.995633    4.995171          0         17

(1,000 missing values generated)
(382 real changes made)
(618 real changes made)
28

urban_rura |                      urban_rural
     l_bin |         1          2          3          4          5 |     Total
-----------+-------------------------------------------------------+----------
     Rural |         0          0          0          0        101 |       618 
     Urban |       103         88         98         93          0 |       382 
-----------+-------------------------------------------------------+----------
     Total |       103         88         98         93        101 |     1,000 


urban_rura |           urban_rural
     l_bin |         6          7          8 |     Total
-----------+---------------------------------+----------
     Rural |        89        222        206 |       618 
     Urban |         0          0          0 |       382 
-----------+---------------------------------+----------
     Total |        89        222        206 |     1,000 

  +-------------------------------+
  | factor              N_1   m_1 |
  |-------------------------------|
  | age_cat             771   229 |
  |-------------------------------|
  | sex               1,000     0 |
  |-------------------------------|
  | imd               1,000     0 |
  |-------------------------------|
  | Rural-Urban       1,000     0 |
  |-------------------------------|
  | has_t1_diabetes   1,000     0 |
  |-------------------------------|
  | has_t2_diabetes   1,000     0 |
  |-------------------------------|
  | has_asthma        1,000     0 |
  |-------------------------------|
  | has_copd          1,000     0 |
  +-------------------------------+
   N_ ... #records used below,   m_ ... #records not used
 
  +-----------------------------------------------+
  |                                   Total       |
  |-----------------------------------------------|
  |                                   N=1,000     |
  |-----------------------------------------------|
  | age_cat           18 - 40 years   288 (37.4%) |
  |                   41 - 60 years   260 (33.7%) |
  |                   61 - 80 years   174 (22.6%) |
  |                   >80 years       49 ( 6.4%)  |
  |-----------------------------------------------|
  | sex               F               501 (50.1%) |
  |                   M               493 (49.3%) |
  |                   U               6 ( 0.6%)   |
  |-----------------------------------------------|
  | imd               1               188 (18.8%) |
  |                   2               180 (18.0%) |
  |                   3               189 (18.9%) |
  |                   4               201 (20.1%) |
  |                   5               197 (19.7%) |
  |                   6               45 ( 4.5%)  |
  |-----------------------------------------------|
  | Rural-Urban       Rural           618 (61.8%) |
  |                   Urban           382 (38.2%) |
  |-----------------------------------------------|
  | has_t1_diabetes   0               800 (80.0%) |
  |                   1               200 (20.0%) |
  |-----------------------------------------------|
  | has_t2_diabetes   0               199 (19.9%) |
  |                   1               801 (80.1%) |
  |-----------------------------------------------|
  | has_asthma        0               800 (80.0%) |
  |                   1               200 (20.0%) |
  |-----------------------------------------------|
  | has_copd          0               950 (95.0%) |
  |                   1               50 ( 5.0%)  |
  +-----------------------------------------------+
Data are presented as n (%).
 
file ./output/tables/baseline_table_2021.csv saved
_columna_1: contains nonnumeric characters; n generated as int
(2 missing values generated)
_columnb_1: contains nonnumeric characters not specified in ignore()
_columnb_1: characters space % ( ) removed; percent generated as double
(2 missing values generated)
(2 missing values generated)
file ./output/tables/baseline_table_2021_rounded.csv saved

  +-----------------------------------------+
  | factor            N_0   N_1   m_0   m_1 |
  |-----------------------------------------|
  | age_cat           611   160   189    40 |
  |-----------------------------------------|
  | sex               800   200     0     0 |
  |-----------------------------------------|
  | imd               800   200     0     0 |
  |-----------------------------------------|
  | Rural-Urban       800   200     0     0 |
  |-----------------------------------------|
  | has_t1_diabetes   800   200     0     0 |
  |-----------------------------------------|
  | has_t2_diabetes   800   200     0     0 |
  |-----------------------------------------|
  | has_asthma        800   200     0     0 |
  |-----------------------------------------|
  | has_copd          800   200     0     0 |
  +-----------------------------------------+
   N_ ... #records used below,   m_ ... #records not used
 
  +----------------------------------------------------------------------------
> -------------+
  |                                   migration_status = 0   migration_status =
>  1   p-value |
  |----------------------------------------------------------------------------
> -------------|
  |                                   N=800                  N=200             
>              |
  |----------------------------------------------------------------------------
> -------------|
  | age_cat           18 - 40 years   223 (36.5%)            65 (40.6%)        
>       0.77   |
  |                   41 - 60 years   210 (34.4%)            50 (31.2%)        
>              |
  |                   61 - 80 years   138 (22.6%)            36 (22.5%)        
>              |
  |                   >80 years       40 ( 6.5%)             9 ( 5.6%)         
>              |
  |----------------------------------------------------------------------------
> -------------|
  | sex               F               395 (49.4%)            106 (53.0%)       
>       0.33   |
  |                   M               399 (49.9%)            94 (47.0%)        
>              |
  |                   U               6 ( 0.8%)              0 ( 0.0%)         
>              |
  |----------------------------------------------------------------------------
> -------------|
  | imd               1               151 (18.9%)            37 (18.5%)        
>       0.96   |
  |                   2               145 (18.1%)            35 (17.5%)        
>              |
  |                   3               154 (19.2%)            35 (17.5%)        
>              |
  |                   4               157 (19.6%)            44 (22.0%)        
>              |
  |                   5               156 (19.5%)            41 (20.5%)        
>              |
  |                   6               37 ( 4.6%)             8 ( 4.0%)         
>              |
  |----------------------------------------------------------------------------
> -------------|
  | Rural-Urban       Rural           485 (60.6%)            133 (66.5%)       
>       0.13   |
  |                   Urban           315 (39.4%)            67 (33.5%)        
>              |
  |----------------------------------------------------------------------------
> -------------|
  | has_t1_diabetes   0               642 (80.2%)            158 (79.0%)       
>       0.69   |
  |                   1               158 (19.8%)            42 (21.0%)        
>              |
  |----------------------------------------------------------------------------
> -------------|
  | has_t2_diabetes   0               157 (19.6%)            42 (21.0%)        
>       0.66   |
  |                   1               643 (80.4%)            158 (79.0%)       
>              |
  |----------------------------------------------------------------------------
> -------------|
  | has_asthma        0               640 (80.0%)            160 (80.0%)       
>       1.00   |
  |                   1               160 (20.0%)            40 (20.0%)        
>              |
  |----------------------------------------------------------------------------
> -------------|
  | has_copd          0               758 (94.8%)            192 (96.0%)       
>       0.47   |
  |                   1               42 ( 5.2%)             8 ( 4.0%)         
>              |
  +----------------------------------------------------------------------------
> -------------+
Data are presented as n (%).
 
file ./output/tables/baseline_table_migration_2021.csv saved
_columna_1: contains nonnumeric characters; n1 generated as int
(2 missing values generated)
_columna_0: contains nonnumeric characters; n0 generated as int
(2 missing values generated)
_columnb_1: contains nonnumeric characters not specified in ignore()
_columnb_1: characters space % ( ) removed; percent1 generated as double
(2 missing values generated)
_columnb_0: contains nonnumeric characters not specified in ignore()
_columnb_0: characters space % ( ) removed; percent0 generated as double
(2 missing values generated)
(2 missing values generated)
(2 missing values generated)
file ./output/tables/baseline_table_migration_2021_rounded.csv saved
(812 observations deleted)

  +-----------------------------+
  | factor            N_1   m_1 |
  |-----------------------------|
  | age_cat           149    39 |
  |-----------------------------|
  | sex               188     0 |
  |-----------------------------|
  | imd               188     0 |
  |-----------------------------|
  | Rural-Urban       188     0 |
  |-----------------------------|
  | has_t1_diabetes   188     0 |
  |-----------------------------|
  | has_t2_diabetes   188     0 |
  |-----------------------------|
  | has_asthma        188     0 |
  |-----------------------------|
  | has_copd          188     0 |
  +-----------------------------+
   N_ ... #records used below,   m_ ... #records not used
 
  +------------------------------------------------+
  |                                   Total        |
  |------------------------------------------------|
  |                                   N=188        |
  |------------------------------------------------|
  | age_cat           18 - 40 years   52 (34.9%)   |
  |                   41 - 60 years   50 (33.6%)   |
  |                   61 - 80 years   35 (23.5%)   |
  |                   >80 years       12 ( 8.1%)   |
  |------------------------------------------------|
  | sex               F               89 (47.3%)   |
  |                   M               99 (52.7%)   |
  |------------------------------------------------|
  | imd               1               188 (100.0%) |
  |------------------------------------------------|
  | Rural-Urban       Rural           113 (60.1%)  |
  |                   Urban           75 (39.9%)   |
  |------------------------------------------------|
  | has_t1_diabetes   0               153 (81.4%)  |
  |                   1               35 (18.6%)   |
  |------------------------------------------------|
  | has_t2_diabetes   0               43 (22.9%)   |
  |                   1               145 (77.1%)  |
  |------------------------------------------------|
  | has_asthma        0               147 (78.2%)  |
  |                   1               41 (21.8%)   |
  |------------------------------------------------|
  | has_copd          0               178 (94.7%)  |
  |                   1               10 ( 5.3%)   |
  +------------------------------------------------+
Data are presented as n (%).
 
(note: file /tmp/St00015.00000j not found)
file /tmp/St00015.00000j saved
(820 observations deleted)

  +-----------------------------+
  | factor            N_1   m_1 |
  |-----------------------------|
  | age_cat           144    36 |
  |-----------------------------|
  | sex               180     0 |
  |-----------------------------|
  | imd               180     0 |
  |-----------------------------|
  | Rural-Urban       180     0 |
  |-----------------------------|
  | has_t1_diabetes   180     0 |
  |-----------------------------|
  | has_t2_diabetes   180     0 |
  |-----------------------------|
  | has_asthma        180     0 |
  |-----------------------------|
  | has_copd          180     0 |
  +-----------------------------+
   N_ ... #records used below,   m_ ... #records not used
 
  +------------------------------------------------+
  |                                   Total        |
  |------------------------------------------------|
  |                                   N=180        |
  |------------------------------------------------|
  | age_cat           18 - 40 years   56 (38.9%)   |
  |                   41 - 60 years   46 (31.9%)   |
  |                   61 - 80 years   35 (24.3%)   |
  |                   >80 years       7 ( 4.9%)    |
  |------------------------------------------------|
  | sex               F               97 (53.9%)   |
  |                   M               80 (44.4%)   |
  |                   U               3 ( 1.7%)    |
  |------------------------------------------------|
  | imd               2               180 (100.0%) |
  |------------------------------------------------|
  | Rural-Urban       Rural           107 (59.4%)  |
  |                   Urban           73 (40.6%)   |
  |------------------------------------------------|
  | has_t1_diabetes   0               149 (82.8%)  |
  |                   1               31 (17.2%)   |
  |------------------------------------------------|
  | has_t2_diabetes   0               42 (23.3%)   |
  |                   1               138 (76.7%)  |
  |------------------------------------------------|
  | has_asthma        0               149 (82.8%)  |
  |                   1               31 (17.2%)   |
  |------------------------------------------------|
  | has_copd          0               171 (95.0%)  |
  |                   1               9 ( 5.0%)    |
  +------------------------------------------------+
Data are presented as n (%).
 
file /tmp/St00015.00000j saved
(811 observations deleted)

  +-----------------------------+
  | factor            N_1   m_1 |
  |-----------------------------|
  | age_cat           135    54 |
  |-----------------------------|
  | sex               189     0 |
  |-----------------------------|
  | imd               189     0 |
  |-----------------------------|
  | Rural-Urban       189     0 |
  |-----------------------------|
  | has_t1_diabetes   189     0 |
  |-----------------------------|
  | has_t2_diabetes   189     0 |
  |-----------------------------|
  | has_asthma        189     0 |
  |-----------------------------|
  | has_copd          189     0 |
  +-----------------------------+
   N_ ... #records used below,   m_ ... #records not used
 
  +------------------------------------------------+
  |                                   Total        |
  |------------------------------------------------|
  |                                   N=189        |
  |------------------------------------------------|
  | age_cat           18 - 40 years   49 (36.3%)   |
  |                   41 - 60 years   51 (37.8%)   |
  |                   61 - 80 years   27 (20.0%)   |
  |                   >80 years       8 ( 5.9%)    |
  |------------------------------------------------|
  | sex               F               88 (46.6%)   |
  |                   M               100 (52.9%)  |
  |                   U               1 ( 0.5%)    |
  |------------------------------------------------|
  | imd               3               189 (100.0%) |
  |------------------------------------------------|
  | Rural-Urban       Rural           127 (67.2%)  |
  |                   Urban           62 (32.8%)   |
  |------------------------------------------------|
  | has_t1_diabetes   0               146 (77.2%)  |
  |                   1               43 (22.8%)   |
  |------------------------------------------------|
  | has_t2_diabetes   0               31 (16.4%)   |
  |                   1               158 (83.6%)  |
  |------------------------------------------------|
  | has_asthma        0               151 (79.9%)  |
  |                   1               38 (20.1%)   |
  |------------------------------------------------|
  | has_copd          0               184 (97.4%)  |
  |                   1               5 ( 2.6%)    |
  +------------------------------------------------+
Data are presented as n (%).
 
file /tmp/St00015.00000j saved
(799 observations deleted)

  +-----------------------------+
  | factor            N_1   m_1 |
  |-----------------------------|
  | age_cat           158    43 |
  |-----------------------------|
  | sex               201     0 |
  |-----------------------------|
  | imd               201     0 |
  |-----------------------------|
  | Rural-Urban       201     0 |
  |-----------------------------|
  | has_t1_diabetes   201     0 |
  |-----------------------------|
  | has_t2_diabetes   201     0 |
  |-----------------------------|
  | has_asthma        201     0 |
  |-----------------------------|
  | has_copd          201     0 |
  +-----------------------------+
   N_ ... #records used below,   m_ ... #records not used
 
  +------------------------------------------------+
  |                                   Total        |
  |------------------------------------------------|
  |                                   N=201        |
  |------------------------------------------------|
  | age_cat           18 - 40 years   55 (34.8%)   |
  |                   41 - 60 years   47 (29.7%)   |
  |                   61 - 80 years   44 (27.8%)   |
  |                   >80 years       12 ( 7.6%)   |
  |------------------------------------------------|
  | sex               F               92 (45.8%)   |
  |                   M               108 (53.7%)  |
  |                   U               1 ( 0.5%)    |
  |------------------------------------------------|
  | imd               4               201 (100.0%) |
  |------------------------------------------------|
  | Rural-Urban       Rural           116 (57.7%)  |
  |                   Urban           85 (42.3%)   |
  |------------------------------------------------|
  | has_t1_diabetes   0               159 (79.1%)  |
  |                   1               42 (20.9%)   |
  |------------------------------------------------|
  | has_t2_diabetes   0               41 (20.4%)   |
  |                   1               160 (79.6%)  |
  |------------------------------------------------|
  | has_asthma        0               155 (77.1%)  |
  |                   1               46 (22.9%)   |
  |------------------------------------------------|
  | has_copd          0               189 (94.0%)  |
  |                   1               12 ( 6.0%)   |
  +------------------------------------------------+
Data are presented as n (%).
 
file /tmp/St00015.00000j saved
(803 observations deleted)

  +-----------------------------+
  | factor            N_1   m_1 |
  |-----------------------------|
  | age_cat           152    45 |
  |-----------------------------|
  | sex               197     0 |
  |-----------------------------|
  | imd               197     0 |
  |-----------------------------|
  | Rural-Urban       197     0 |
  |-----------------------------|
  | has_t1_diabetes   197     0 |
  |-----------------------------|
  | has_t2_diabetes   197     0 |
  |-----------------------------|
  | has_asthma        197     0 |
  |-----------------------------|
  | has_copd          197     0 |
  +-----------------------------+
   N_ ... #records used below,   m_ ... #records not used
 
  +------------------------------------------------+
  |                                   Total        |
  |------------------------------------------------|
  |                                   N=197        |
  |------------------------------------------------|
  | age_cat           18 - 40 years   63 (41.4%)   |
  |                   41 - 60 years   53 (34.9%)   |
  |                   61 - 80 years   28 (18.4%)   |
  |                   >80 years       8 ( 5.3%)    |
  |------------------------------------------------|
  | sex               F               110 (55.8%)  |
  |                   M               86 (43.7%)   |
  |                   U               1 ( 0.5%)    |
  |------------------------------------------------|
  | imd               5               197 (100.0%) |
  |------------------------------------------------|
  | Rural-Urban       Rural           127 (64.5%)  |
  |                   Urban           70 (35.5%)   |
  |------------------------------------------------|
  | has_t1_diabetes   0               156 (79.2%)  |
  |                   1               41 (20.8%)   |
  |------------------------------------------------|
  | has_t2_diabetes   0               35 (17.8%)   |
  |                   1               162 (82.2%)  |
  |------------------------------------------------|
  | has_asthma        0               159 (80.7%)  |
  |                   1               38 (19.3%)   |
  |------------------------------------------------|
  | has_copd          0               185 (93.9%)  |
  |                   1               12 ( 6.1%)   |
  +------------------------------------------------+
Data are presented as n (%).
 
file /tmp/St00015.00000j saved
file ./output/tables/baseline_table_imd2021.csv saved
_columna_1: contains nonnumeric characters; n generated as int
(10 missing values generated)
_columnb_1: contains nonnumeric characters not specified in ignore()
_columnb_1: characters space % ( ) removed; percent generated as double
(10 missing values generated)
(10 missing values generated)
file ./output/tables/baseline_table_imd2021_rounded.csv saved

. 
. * Close log file 
. log close
      name:  <unnamed>
       log:  /workspace/logs/table1_descriptives.log
  log type:  text
 closed on:  15 May 2023, 11:26:53
-------------------------------------------------------------------------------
